[ INFO ] [2018-10-19 09:49:32] com.loy.SingleApplicationMain [48] - Starting SingleApplicationMain on huang-System-Product-Name-Invalid-entry-length with PID 18106 (/home/huang/project/new/wc_platform_demo/demo-single/bin started by huang in /home/huang/project/new/wc_platform_demo/demo-single)
[ INFO ] [2018-10-19 09:49:32] com.loy.SingleApplicationMain [665] - The following profiles are active: prod
[ INFO ] [2018-10-19 10:06:11] com.loy.SingleApplicationMain [48] - Starting SingleApplicationMain on huang-System-Product-Name-Invalid-entry-length with PID 21859 (/home/huang/project/new/wc_platform_demo/demo-single/bin started by huang in /home/huang/project/new/wc_platform_demo/demo-single)
[ INFO ] [2018-10-19 10:06:11] com.loy.SingleApplicationMain [665] - The following profiles are active: prod
[ INFO ] [2018-10-19 10:06:21] org.apache.catalina.core.StandardService [179] - Starting service Tomcat
[ INFO ] [2018-10-19 10:06:21] org.apache.catalina.core.StandardEngine [179] - Starting Servlet Engine: Apache Tomcat/8.5.6
[ INFO ] [2018-10-19 10:06:22] org.apache.catalina.core.ContainerBase.[Tomcat].[localhost].[/] [179] - Initializing Spring embedded WebApplicationContext
[ INFO ] [2018-10-19 10:06:45] springfox.documentation.spring.web.plugins.DocumentationPluginsBootstrapper [120] - Context refreshed
[ INFO ] [2018-10-19 10:06:45] springfox.documentation.spring.web.plugins.DocumentationPluginsBootstrapper [123] - Found 1 custom documentation plugin(s)
[ INFO ] [2018-10-19 10:06:45] springfox.documentation.spring.web.scanners.ApiListingReferenceScanner [44] - Scanning for api listing references
[ INFO ] [2018-10-19 10:06:45] springfox.documentation.spring.web.readers.operation.CachingOperationNameGenerator [40] - Generating unique operation named: allUsingGET_1
[ INFO ] [2018-10-19 10:06:45] org.apache.coyote.http11.Http11NioProtocol [179] - Initializing ProtocolHandler ["http-nio-8080"]
[ INFO ] [2018-10-19 10:06:45] org.apache.coyote.http11.Http11NioProtocol [179] - Starting ProtocolHandler [http-nio-8080]
[ INFO ] [2018-10-19 10:06:45] org.apache.tomcat.util.net.NioSelectorPool [179] - Using a shared selector for servlet write/read
[ INFO ] [2018-10-19 10:06:45] com.loy.SingleApplicationMain [57] - Started SingleApplicationMain in 36.107 seconds (JVM running for 40.405)
[ INFO ] [2018-10-19 10:07:09] org.apache.catalina.core.ContainerBase.[Tomcat].[localhost].[/] [179] - Initializing Spring FrameworkServlet 'dispatcherServlet'
[ INFO ] [2018-10-19 10:07:09] com.loy.e.core.web.dispatch.DefaultDispatchServlet [489] - FrameworkServlet 'dispatcherServlet': initialization started
[ INFO ] [2018-10-19 10:07:09] com.loy.e.core.web.dispatch.DefaultDispatchServlet [508] - FrameworkServlet 'dispatcherServlet': initialization completed in 51 ms
[ INFO ] [2018-10-19 10:07:10] org.apache.catalina.util.SessionIdGeneratorBase [179] - Creation of SecureRandom instance for session ID generation using [SHA1PRNG] took [121] milliseconds.
[ INFO ] [2018-10-19 10:07:10] org.thymeleaf.TemplateEngine [825] - [THYMELEAF] INITIALIZING TEMPLATE ENGINE
[ INFO ] [2018-10-19 10:07:10] org.thymeleaf.templateresolver.AbstractTemplateResolver [99] - [THYMELEAF] INITIALIZING TEMPLATE RESOLVER: org.thymeleaf.spring4.templateresolver.SpringResourceTemplateResolver
[ INFO ] [2018-10-19 10:07:10] org.thymeleaf.templateresolver.AbstractTemplateResolver [110] - [THYMELEAF] TEMPLATE RESOLVER INITIALIZED OK
[ INFO ] [2018-10-19 10:07:10] org.thymeleaf.messageresolver.AbstractMessageResolver [72] - [THYMELEAF] INITIALIZING MESSAGE RESOLVER: org.thymeleaf.spring4.messageresolver.SpringMessageResolver
[ INFO ] [2018-10-19 10:07:10] org.thymeleaf.messageresolver.AbstractMessageResolver [78] - [THYMELEAF] MESSAGE RESOLVER INITIALIZED OK
[ INFO ] [2018-10-19 10:07:10] org.thymeleaf.TemplateEngine.CONFIG [123] - [THYMELEAF] TEMPLATE ENGINE CONFIGURATION:
[THYMELEAF] * Cache Factory implementation: org.thymeleaf.cache.StandardCacheManager
[THYMELEAF] * Template modes:
[THYMELEAF]     * VALIDXML
[THYMELEAF]     * LEGACYHTML5
[THYMELEAF]     * XML
[THYMELEAF]     * HTML5
[THYMELEAF]     * VALIDXHTML
[THYMELEAF]     * XHTML
[THYMELEAF] * Template resolvers (in order):
[THYMELEAF]     * org.thymeleaf.spring4.templateresolver.SpringResourceTemplateResolver
[THYMELEAF] * Message resolvers (in order):
[THYMELEAF]     * org.thymeleaf.spring4.messageresolver.SpringMessageResolver
[THYMELEAF] * Dialect [1 of 2]: org.thymeleaf.spring4.dialect.SpringStandardDialect
[THYMELEAF]     * Prefix: "th"
[THYMELEAF] * Dialect [2 of 2]: nz.net.ultraq.thymeleaf.LayoutDialect
[THYMELEAF]     * Prefix: "layout"
[THYMELEAF] TEMPLATE ENGINE CONFIGURED OK
[ INFO ] [2018-10-19 10:07:10] org.thymeleaf.TemplateEngine [838] - [THYMELEAF] TEMPLATE ENGINE INITIALIZED
[ WARN ] [2018-10-19 10:20:15] org.hibernate.engine.jdbc.spi.SqlExceptionHelper [127] - SQL Error: 1055, SQLState: 42000
[ ERROR] [2018-10-19 10:20:15] org.hibernate.engine.jdbc.spi.SqlExceptionHelper [129] - Expression #3 of SELECT list is not in GROUP BY clause and contains nonaggregated column 'e_upm.x.op_name' which is not functionally dependent on columns in GROUP BY clause; this is incompatible with sql_mode=only_full_group_by
[ ERROR] [2018-10-19 10:20:15] com.loy.e.core.advice.ExceptionHandlerAdvice [106] - 
org.springframework.dao.InvalidDataAccessResourceUsageException: could not extract ResultSet; SQL [n/a]; nested exception is org.hibernate.exception.SQLGrammarException: could not extract ResultSet
	at org.springframework.orm.jpa.vendor.HibernateJpaDialect.convertHibernateAccessException(HibernateJpaDialect.java:242)
	at org.springframework.orm.jpa.vendor.HibernateJpaDialect.translateExceptionIfPossible(HibernateJpaDialect.java:225)
	at org.springframework.orm.jpa.AbstractEntityManagerFactoryBean.translateExceptionIfPossible(AbstractEntityManagerFactoryBean.java:436)
	at org.springframework.dao.support.ChainedPersistenceExceptionTranslator.translateExceptionIfPossible(ChainedPersistenceExceptionTranslator.java:59)
	at org.springframework.dao.support.DataAccessUtils.translateIfNecessary(DataAccessUtils.java:213)
	at org.springframework.dao.support.PersistenceExceptionTranslationInterceptor.invoke(PersistenceExceptionTranslationInterceptor.java:147)
	at org.springframework.aop.framework.ReflectiveMethodInvocation.proceed(ReflectiveMethodInvocation.java:179)
	at org.springframework.data.jpa.repository.support.CrudMethodMetadataPostProcessor$CrudMethodMetadataPopulatingMethodInterceptor.invoke(CrudMethodMetadataPostProcessor.java:133)
	at org.springframework.aop.framework.ReflectiveMethodInvocation.proceed(ReflectiveMethodInvocation.java:179)
	at org.springframework.aop.interceptor.ExposeInvocationInterceptor.invoke(ExposeInvocationInterceptor.java:92)
	at org.springframework.aop.framework.ReflectiveMethodInvocation.proceed(ReflectiveMethodInvocation.java:179)
	at org.springframework.aop.framework.JdkDynamicAopProxy.invoke(JdkDynamicAopProxy.java:213)
	at com.sun.proxy.$Proxy136.queryPerformancePage(Unknown Source)
	at com.loy.log.service.impl.MonitorServiceImpl.queryPerformancePage(MonitorServiceImpl.java:46)
	at com.loy.log.service.impl.MonitorServiceImpl$$FastClassBySpringCGLIB$$2ec65681.invoke(<generated>)
	at org.springframework.cglib.proxy.MethodProxy.invoke(MethodProxy.java:204)
	at org.springframework.aop.framework.CglibAopProxy$CglibMethodInvocation.invokeJoinpoint(CglibAopProxy.java:721)
	at org.springframework.aop.framework.ReflectiveMethodInvocation.proceed(ReflectiveMethodInvocation.java:157)
	at org.springframework.transaction.interceptor.TransactionInterceptor$1.proceedWithInvocation(TransactionInterceptor.java:99)
	at org.springframework.transaction.interceptor.TransactionAspectSupport.invokeWithinTransaction(TransactionAspectSupport.java:282)
	at org.springframework.transaction.interceptor.TransactionInterceptor.invoke(TransactionInterceptor.java:96)
	at org.springframework.aop.framework.ReflectiveMethodInvocation.proceed(ReflectiveMethodInvocation.java:179)
	at org.springframework.aop.framework.adapter.MethodBeforeAdviceInterceptor.invoke(MethodBeforeAdviceInterceptor.java:52)
	at org.springframework.aop.framework.ReflectiveMethodInvocation.proceed(ReflectiveMethodInvocation.java:168)
	at org.springframework.aop.interceptor.ExposeInvocationInterceptor.invoke(ExposeInvocationInterceptor.java:92)
	at org.springframework.aop.framework.ReflectiveMethodInvocation.proceed(ReflectiveMethodInvocation.java:179)
	at org.springframework.aop.framework.CglibAopProxy$DynamicAdvisedInterceptor.intercept(CglibAopProxy.java:656)
	at com.loy.log.service.impl.MonitorServiceImpl$$EnhancerBySpringCGLIB$$9a45676a.queryPerformancePage(<generated>)
	at sun.reflect.NativeMethodAccessorImpl.invoke0(Native Method)
	at sun.reflect.NativeMethodAccessorImpl.invoke(NativeMethodAccessorImpl.java:62)
	at sun.reflect.DelegatingMethodAccessorImpl.invoke(DelegatingMethodAccessorImpl.java:43)
	at java.lang.reflect.Method.invoke(Method.java:498)
	at org.springframework.web.method.support.InvocableHandlerMethod.doInvoke(InvocableHandlerMethod.java:220)
	at org.springframework.web.method.support.InvocableHandlerMethod.invokeForRequest(InvocableHandlerMethod.java:134)
	at org.springframework.web.servlet.mvc.method.annotation.ServletInvocableHandlerMethod.invokeAndHandle(ServletInvocableHandlerMethod.java:116)
	at org.springframework.web.servlet.mvc.method.annotation.RequestMappingHandlerAdapter.invokeHandlerMethod(RequestMappingHandlerAdapter.java:827)
	at org.springframework.web.servlet.mvc.method.annotation.RequestMappingHandlerAdapter.handleInternal(RequestMappingHandlerAdapter.java:738)
	at org.springframework.web.servlet.mvc.method.AbstractHandlerMethodAdapter.handle(AbstractHandlerMethodAdapter.java:85)
	at org.springframework.web.servlet.DispatcherServlet.doDispatch(DispatcherServlet.java:963)
	at org.springframework.web.servlet.DispatcherServlet.doService(DispatcherServlet.java:897)
	at org.springframework.web.servlet.FrameworkServlet.processRequest(FrameworkServlet.java:970)
	at org.springframework.web.servlet.FrameworkServlet.doGet(FrameworkServlet.java:861)
	at javax.servlet.http.HttpServlet.service(HttpServlet.java:622)
	at org.springframework.web.servlet.FrameworkServlet.service(FrameworkServlet.java:846)
	at javax.servlet.http.HttpServlet.service(HttpServlet.java:729)
	at org.apache.catalina.core.ApplicationFilterChain.internalDoFilter(ApplicationFilterChain.java:230)
	at org.apache.catalina.core.ApplicationFilterChain.doFilter(ApplicationFilterChain.java:165)
	at org.apache.tomcat.websocket.server.WsFilter.doFilter(WsFilter.java:52)
	at org.apache.catalina.core.ApplicationFilterChain.internalDoFilter(ApplicationFilterChain.java:192)
	at org.apache.catalina.core.ApplicationFilterChain.doFilter(ApplicationFilterChain.java:165)
	at org.springframework.boot.web.filter.ApplicationContextHeaderFilter.doFilterInternal(ApplicationContextHeaderFilter.java:55)
	at org.springframework.web.filter.OncePerRequestFilter.doFilter(OncePerRequestFilter.java:107)
	at org.apache.catalina.core.ApplicationFilterChain.internalDoFilter(ApplicationFilterChain.java:192)
	at org.apache.catalina.core.ApplicationFilterChain.doFilter(ApplicationFilterChain.java:165)
	at org.springframework.boot.actuate.trace.WebRequestTraceFilter.doFilterInternal(WebRequestTraceFilter.java:105)
	at org.springframework.web.filter.OncePerRequestFilter.doFilter(OncePerRequestFilter.java:107)
	at org.apache.catalina.core.ApplicationFilterChain.internalDoFilter(ApplicationFilterChain.java:192)
	at org.apache.catalina.core.ApplicationFilterChain.doFilter(ApplicationFilterChain.java:165)
	at org.springframework.security.web.FilterChainProxy$VirtualFilterChain.doFilter(FilterChainProxy.java:317)
	at org.springframework.security.web.access.intercept.FilterSecurityInterceptor.invoke(FilterSecurityInterceptor.java:127)
	at org.springframework.security.web.access.intercept.FilterSecurityInterceptor.doFilter(FilterSecurityInterceptor.java:91)
	at org.springframework.security.web.FilterChainProxy$VirtualFilterChain.doFilter(FilterChainProxy.java:331)
	at org.springframework.security.web.access.ExceptionTranslationFilter.doFilter(ExceptionTranslationFilter.java:115)
	at org.springframework.security.web.FilterChainProxy$VirtualFilterChain.doFilter(FilterChainProxy.java:331)
	at org.springframework.security.web.session.SessionManagementFilter.doFilter(SessionManagementFilter.java:137)
	at org.springframework.security.web.FilterChainProxy$VirtualFilterChain.doFilter(FilterChainProxy.java:331)
	at org.springframework.security.web.authentication.AnonymousAuthenticationFilter.doFilter(AnonymousAuthenticationFilter.java:111)
	at org.springframework.security.web.FilterChainProxy$VirtualFilterChain.doFilter(FilterChainProxy.java:331)
	at org.springframework.security.web.servletapi.SecurityContextHolderAwareRequestFilter.doFilter(SecurityContextHolderAwareRequestFilter.java:169)
	at org.springframework.security.web.FilterChainProxy$VirtualFilterChain.doFilter(FilterChainProxy.java:331)
	at org.springframework.security.web.savedrequest.RequestCacheAwareFilter.doFilter(RequestCacheAwareFilter.java:63)
	at org.springframework.security.web.FilterChainProxy$VirtualFilterChain.doFilter(FilterChainProxy.java:331)
	at org.springframework.security.web.authentication.AbstractAuthenticationProcessingFilter.doFilter(AbstractAuthenticationProcessingFilter.java:200)
	at org.springframework.security.web.FilterChainProxy$VirtualFilterChain.doFilter(FilterChainProxy.java:331)
	at org.springframework.security.web.authentication.logout.LogoutFilter.doFilter(LogoutFilter.java:121)
	at org.springframework.security.web.FilterChainProxy$VirtualFilterChain.doFilter(FilterChainProxy.java:331)
	at org.springframework.security.web.header.HeaderWriterFilter.doFilterInternal(HeaderWriterFilter.java:66)
	at org.springframework.web.filter.OncePerRequestFilter.doFilter(OncePerRequestFilter.java:107)
	at org.springframework.security.web.FilterChainProxy$VirtualFilterChain.doFilter(FilterChainProxy.java:331)
	at org.springframework.security.web.context.SecurityContextPersistenceFilter.doFilter(SecurityContextPersistenceFilter.java:105)
	at org.springframework.security.web.FilterChainProxy$VirtualFilterChain.doFilter(FilterChainProxy.java:331)
	at org.springframework.security.web.context.request.async.WebAsyncManagerIntegrationFilter.doFilterInternal(WebAsyncManagerIntegrationFilter.java:56)
	at org.springframework.web.filter.OncePerRequestFilter.doFilter(OncePerRequestFilter.java:107)
	at org.springframework.security.web.FilterChainProxy$VirtualFilterChain.doFilter(FilterChainProxy.java:331)
	at org.springframework.security.web.FilterChainProxy.doFilterInternal(FilterChainProxy.java:214)
	at org.springframework.security.web.FilterChainProxy.doFilter(FilterChainProxy.java:177)
	at org.springframework.web.filter.DelegatingFilterProxy.invokeDelegate(DelegatingFilterProxy.java:346)
	at org.springframework.web.filter.DelegatingFilterProxy.doFilter(DelegatingFilterProxy.java:262)
	at org.apache.catalina.core.ApplicationFilterChain.internalDoFilter(ApplicationFilterChain.java:192)
	at org.apache.catalina.core.ApplicationFilterChain.doFilter(ApplicationFilterChain.java:165)
	at org.springframework.web.filter.RequestContextFilter.doFilterInternal(RequestContextFilter.java:99)
	at org.springframework.web.filter.OncePerRequestFilter.doFilter(OncePerRequestFilter.java:107)
	at org.apache.catalina.core.ApplicationFilterChain.internalDoFilter(ApplicationFilterChain.java:192)
	at org.apache.catalina.core.ApplicationFilterChain.doFilter(ApplicationFilterChain.java:165)
	at org.springframework.web.filter.HttpPutFormContentFilter.doFilterInternal(HttpPutFormContentFilter.java:89)
	at org.springframework.web.filter.OncePerRequestFilter.doFilter(OncePerRequestFilter.java:107)
	at org.apache.catalina.core.ApplicationFilterChain.internalDoFilter(ApplicationFilterChain.java:192)
	at org.apache.catalina.core.ApplicationFilterChain.doFilter(ApplicationFilterChain.java:165)
	at org.springframework.web.filter.HiddenHttpMethodFilter.doFilterInternal(HiddenHttpMethodFilter.java:77)
	at org.springframework.web.filter.OncePerRequestFilter.doFilter(OncePerRequestFilter.java:107)
	at org.apache.catalina.core.ApplicationFilterChain.internalDoFilter(ApplicationFilterChain.java:192)
	at org.apache.catalina.core.ApplicationFilterChain.doFilter(ApplicationFilterChain.java:165)
	at org.springframework.web.filter.CharacterEncodingFilter.doFilterInternal(CharacterEncodingFilter.java:197)
	at org.springframework.web.filter.OncePerRequestFilter.doFilter(OncePerRequestFilter.java:107)
	at org.apache.catalina.core.ApplicationFilterChain.internalDoFilter(ApplicationFilterChain.java:192)
	at org.apache.catalina.core.ApplicationFilterChain.doFilter(ApplicationFilterChain.java:165)
	at org.springframework.boot.actuate.autoconfigure.MetricsFilter.doFilterInternal(MetricsFilter.java:106)
	at org.springframework.web.filter.OncePerRequestFilter.doFilter(OncePerRequestFilter.java:107)
	at org.apache.catalina.core.ApplicationFilterChain.internalDoFilter(ApplicationFilterChain.java:192)
	at org.apache.catalina.core.ApplicationFilterChain.doFilter(ApplicationFilterChain.java:165)
	at org.apache.catalina.core.StandardWrapperValve.invoke(StandardWrapperValve.java:198)
	at org.apache.catalina.core.StandardContextValve.invoke(StandardContextValve.java:108)
	at org.apache.catalina.authenticator.AuthenticatorBase.invoke(AuthenticatorBase.java:472)
	at org.apache.catalina.core.StandardHostValve.invoke(StandardHostValve.java:140)
	at org.apache.catalina.valves.ErrorReportValve.invoke(ErrorReportValve.java:79)
	at org.apache.catalina.core.StandardEngineValve.invoke(StandardEngineValve.java:87)
	at org.apache.catalina.connector.CoyoteAdapter.service(CoyoteAdapter.java:349)
	at org.apache.coyote.http11.Http11Processor.service(Http11Processor.java:784)
	at org.apache.coyote.AbstractProcessorLight.process(AbstractProcessorLight.java:66)
	at org.apache.coyote.AbstractProtocol$ConnectionHandler.process(AbstractProtocol.java:802)
	at org.apache.tomcat.util.net.NioEndpoint$SocketProcessor.doRun(NioEndpoint.java:1410)
	at org.apache.tomcat.util.net.SocketProcessorBase.run(SocketProcessorBase.java:49)
	at java.util.concurrent.ThreadPoolExecutor.runWorker(ThreadPoolExecutor.java:1149)
	at java.util.concurrent.ThreadPoolExecutor$Worker.run(ThreadPoolExecutor.java:624)
	at org.apache.tomcat.util.threads.TaskThread$WrappingRunnable.run(TaskThread.java:61)
	at java.lang.Thread.run(Thread.java:748)
Caused by: org.hibernate.exception.SQLGrammarException: could not extract ResultSet
	at org.hibernate.exception.internal.SQLExceptionTypeDelegate.convert(SQLExceptionTypeDelegate.java:63)
	at org.hibernate.exception.internal.StandardSQLExceptionConverter.convert(StandardSQLExceptionConverter.java:42)
	at org.hibernate.engine.jdbc.spi.SqlExceptionHelper.convert(SqlExceptionHelper.java:109)
	at org.hibernate.engine.jdbc.spi.SqlExceptionHelper.convert(SqlExceptionHelper.java:95)
	at org.hibernate.engine.jdbc.internal.ResultSetReturnImpl.extract(ResultSetReturnImpl.java:79)
	at org.hibernate.loader.Loader.getResultSet(Loader.java:2117)
	at org.hibernate.loader.Loader.executeQueryStatement(Loader.java:1900)
	at org.hibernate.loader.Loader.executeQueryStatement(Loader.java:1876)
	at org.hibernate.loader.Loader.doQuery(Loader.java:919)
	at org.hibernate.loader.Loader.doQueryAndInitializeNonLazyCollections(Loader.java:336)
	at org.hibernate.loader.Loader.doList(Loader.java:2617)
	at org.hibernate.loader.Loader.doList(Loader.java:2600)
	at org.hibernate.loader.Loader.listIgnoreQueryCache(Loader.java:2429)
	at org.hibernate.loader.Loader.list(Loader.java:2424)
	at org.hibernate.loader.custom.CustomLoader.list(CustomLoader.java:336)
	at org.hibernate.internal.SessionImpl.listCustomQuery(SessionImpl.java:1967)
	at org.hibernate.internal.AbstractSessionImpl.list(AbstractSessionImpl.java:322)
	at org.hibernate.internal.SQLQueryImpl.list(SQLQueryImpl.java:125)
	at org.hibernate.jpa.internal.QueryImpl.list(QueryImpl.java:606)
	at org.hibernate.jpa.internal.QueryImpl.getResultList(QueryImpl.java:483)
	at org.springframework.data.jpa.repository.query.JpaQueryExecution$PagedExecution.doExecute(JpaQueryExecution.java:195)
	at org.springframework.data.jpa.repository.query.JpaQueryExecution.execute(JpaQueryExecution.java:82)
	at org.springframework.data.jpa.repository.query.AbstractJpaQuery.doExecute(AbstractJpaQuery.java:116)
	at org.springframework.data.jpa.repository.query.AbstractJpaQuery.execute(AbstractJpaQuery.java:106)
	at org.springframework.data.repository.core.support.RepositoryFactorySupport$QueryExecutorMethodInterceptor.doInvoke(RepositoryFactorySupport.java:482)
	at org.springframework.data.repository.core.support.RepositoryFactorySupport$QueryExecutorMethodInterceptor.invoke(RepositoryFactorySupport.java:460)
	at org.springframework.aop.framework.ReflectiveMethodInvocation.proceed(ReflectiveMethodInvocation.java:179)
	at org.springframework.data.projection.DefaultMethodInvokingMethodInterceptor.invoke(DefaultMethodInvokingMethodInterceptor.java:61)
	at org.springframework.aop.framework.ReflectiveMethodInvocation.proceed(ReflectiveMethodInvocation.java:179)
	at org.springframework.transaction.interceptor.TransactionInterceptor$1.proceedWithInvocation(TransactionInterceptor.java:99)
	at org.springframework.transaction.interceptor.TransactionAspectSupport.invokeWithinTransaction(TransactionAspectSupport.java:282)
	at org.springframework.transaction.interceptor.TransactionInterceptor.invoke(TransactionInterceptor.java:96)
	at org.springframework.aop.framework.ReflectiveMethodInvocation.proceed(ReflectiveMethodInvocation.java:179)
	at org.springframework.dao.support.PersistenceExceptionTranslationInterceptor.invoke(PersistenceExceptionTranslationInterceptor.java:136)
	... 120 common frames omitted
Caused by: com.mysql.jdbc.exceptions.jdbc4.MySQLSyntaxErrorException: Expression #3 of SELECT list is not in GROUP BY clause and contains nonaggregated column 'e_upm.x.op_name' which is not functionally dependent on columns in GROUP BY clause; this is incompatible with sql_mode=only_full_group_by
	at sun.reflect.NativeConstructorAccessorImpl.newInstance0(Native Method)
	at sun.reflect.NativeConstructorAccessorImpl.newInstance(NativeConstructorAccessorImpl.java:62)
	at sun.reflect.DelegatingConstructorAccessorImpl.newInstance(DelegatingConstructorAccessorImpl.java:45)
	at java.lang.reflect.Constructor.newInstance(Constructor.java:423)
	at com.mysql.jdbc.Util.handleNewInstance(Util.java:406)
	at com.mysql.jdbc.Util.getInstance(Util.java:381)
	at com.mysql.jdbc.SQLError.createSQLException(SQLError.java:1030)
	at com.mysql.jdbc.SQLError.createSQLException(SQLError.java:956)
	at com.mysql.jdbc.MysqlIO.checkErrorPacket(MysqlIO.java:3536)
	at com.mysql.jdbc.MysqlIO.checkErrorPacket(MysqlIO.java:3468)
	at com.mysql.jdbc.MysqlIO.sendCommand(MysqlIO.java:1957)
	at com.mysql.jdbc.MysqlIO.sqlQueryDirect(MysqlIO.java:2107)
	at com.mysql.jdbc.ConnectionImpl.execSQL(ConnectionImpl.java:2648)
	at com.mysql.jdbc.PreparedStatement.executeInternal(PreparedStatement.java:2086)
	at com.mysql.jdbc.PreparedStatement.executeQuery(PreparedStatement.java:2237)
	at org.hibernate.engine.jdbc.internal.ResultSetReturnImpl.extract(ResultSetReturnImpl.java:70)
	... 149 common frames omitted
[ INFO ] [2018-10-19 11:27:25] com.loy.SingleApplicationMain [48] - Starting SingleApplicationMain on huang-System-Product-Name-Invalid-entry-length with PID 23465 (/home/huang/project/new/wc_platform_demo/demo-single/bin started by huang in /home/huang/project/new/wc_platform_demo/demo-single)
[ INFO ] [2018-10-19 11:27:25] com.loy.SingleApplicationMain [665] - The following profiles are active: prod
[ INFO ] [2018-10-19 11:27:37] org.apache.catalina.core.StandardService [179] - Starting service Tomcat
[ INFO ] [2018-10-19 11:27:37] org.apache.catalina.core.StandardEngine [179] - Starting Servlet Engine: Apache Tomcat/8.5.6
[ INFO ] [2018-10-19 11:27:37] org.apache.catalina.core.ContainerBase.[Tomcat].[localhost].[/] [179] - Initializing Spring embedded WebApplicationContext
[ INFO ] [2018-10-19 11:28:09] springfox.documentation.spring.web.plugins.DocumentationPluginsBootstrapper [120] - Context refreshed
[ INFO ] [2018-10-19 11:28:10] springfox.documentation.spring.web.plugins.DocumentationPluginsBootstrapper [123] - Found 1 custom documentation plugin(s)
[ INFO ] [2018-10-19 11:28:10] springfox.documentation.spring.web.scanners.ApiListingReferenceScanner [44] - Scanning for api listing references
[ INFO ] [2018-10-19 11:28:10] springfox.documentation.spring.web.readers.operation.CachingOperationNameGenerator [40] - Generating unique operation named: allUsingGET_1
[ INFO ] [2018-10-19 11:28:11] org.apache.coyote.http11.Http11NioProtocol [179] - Initializing ProtocolHandler ["http-nio-8080"]
[ INFO ] [2018-10-19 11:28:11] org.apache.coyote.http11.Http11NioProtocol [179] - Starting ProtocolHandler [http-nio-8080]
[ ERROR] [2018-10-19 11:28:11] org.apache.coyote.http11.Http11NioProtocol [181] - Failed to start end point associated with ProtocolHandler [http-nio-8080]
java.net.BindException: 地址已在使用
	at sun.nio.ch.Net.bind0(Native Method)
	at sun.nio.ch.Net.bind(Net.java:433)
	at sun.nio.ch.Net.bind(Net.java:425)
	at sun.nio.ch.ServerSocketChannelImpl.bind(ServerSocketChannelImpl.java:223)
	at sun.nio.ch.ServerSocketAdaptor.bind(ServerSocketAdaptor.java:74)
	at org.apache.tomcat.util.net.NioEndpoint.bind(NioEndpoint.java:228)
	at org.apache.tomcat.util.net.AbstractEndpoint.start(AbstractEndpoint.java:874)
	at org.apache.coyote.AbstractProtocol.start(AbstractProtocol.java:590)
	at org.apache.catalina.connector.Connector.startInternal(Connector.java:969)
	at org.apache.catalina.util.LifecycleBase.start(LifecycleBase.java:150)
	at org.apache.catalina.core.StandardService.addConnector(StandardService.java:225)
	at org.springframework.boot.context.embedded.tomcat.TomcatEmbeddedServletContainer.addPreviouslyRemovedConnectors(TomcatEmbeddedServletContainer.java:233)
	at org.springframework.boot.context.embedded.tomcat.TomcatEmbeddedServletContainer.start(TomcatEmbeddedServletContainer.java:178)
	at org.springframework.boot.context.embedded.EmbeddedWebApplicationContext.startEmbeddedServletContainer(EmbeddedWebApplicationContext.java:297)
	at org.springframework.boot.context.embedded.EmbeddedWebApplicationContext.finishRefresh(EmbeddedWebApplicationContext.java:145)
	at org.springframework.context.support.AbstractApplicationContext.refresh(AbstractApplicationContext.java:545)
	at org.springframework.boot.context.embedded.EmbeddedWebApplicationContext.refresh(EmbeddedWebApplicationContext.java:122)
	at org.springframework.boot.SpringApplication.refresh(SpringApplication.java:761)
	at org.springframework.boot.SpringApplication.refreshContext(SpringApplication.java:371)
	at org.springframework.boot.SpringApplication.run(SpringApplication.java:315)
	at org.springframework.boot.SpringApplication.run(SpringApplication.java:1186)
	at org.springframework.boot.SpringApplication.run(SpringApplication.java:1175)
	at com.loy.SingleApplicationMain.main(SingleApplicationMain.java:59)
[ ERROR] [2018-10-19 11:28:12] org.apache.catalina.core.StandardService [181] - Failed to start connector [Connector[HTTP/1.1-8080]]
org.apache.catalina.LifecycleException: Failed to start component [Connector[HTTP/1.1-8080]]
	at org.apache.catalina.util.LifecycleBase.start(LifecycleBase.java:167)
	at org.apache.catalina.core.StandardService.addConnector(StandardService.java:225)
	at org.springframework.boot.context.embedded.tomcat.TomcatEmbeddedServletContainer.addPreviouslyRemovedConnectors(TomcatEmbeddedServletContainer.java:233)
	at org.springframework.boot.context.embedded.tomcat.TomcatEmbeddedServletContainer.start(TomcatEmbeddedServletContainer.java:178)
	at org.springframework.boot.context.embedded.EmbeddedWebApplicationContext.startEmbeddedServletContainer(EmbeddedWebApplicationContext.java:297)
	at org.springframework.boot.context.embedded.EmbeddedWebApplicationContext.finishRefresh(EmbeddedWebApplicationContext.java:145)
	at org.springframework.context.support.AbstractApplicationContext.refresh(AbstractApplicationContext.java:545)
	at org.springframework.boot.context.embedded.EmbeddedWebApplicationContext.refresh(EmbeddedWebApplicationContext.java:122)
	at org.springframework.boot.SpringApplication.refresh(SpringApplication.java:761)
	at org.springframework.boot.SpringApplication.refreshContext(SpringApplication.java:371)
	at org.springframework.boot.SpringApplication.run(SpringApplication.java:315)
	at org.springframework.boot.SpringApplication.run(SpringApplication.java:1186)
	at org.springframework.boot.SpringApplication.run(SpringApplication.java:1175)
	at com.loy.SingleApplicationMain.main(SingleApplicationMain.java:59)
Caused by: org.apache.catalina.LifecycleException: service.getName(): "Tomcat";  Protocol handler start failed
	at org.apache.catalina.connector.Connector.startInternal(Connector.java:976)
	at org.apache.catalina.util.LifecycleBase.start(LifecycleBase.java:150)
	... 13 common frames omitted
Caused by: java.net.BindException: 地址已在使用
	at sun.nio.ch.Net.bind0(Native Method)
	at sun.nio.ch.Net.bind(Net.java:433)
	at sun.nio.ch.Net.bind(Net.java:425)
	at sun.nio.ch.ServerSocketChannelImpl.bind(ServerSocketChannelImpl.java:223)
	at sun.nio.ch.ServerSocketAdaptor.bind(ServerSocketAdaptor.java:74)
	at org.apache.tomcat.util.net.NioEndpoint.bind(NioEndpoint.java:228)
	at org.apache.tomcat.util.net.AbstractEndpoint.start(AbstractEndpoint.java:874)
	at org.apache.coyote.AbstractProtocol.start(AbstractProtocol.java:590)
	at org.apache.catalina.connector.Connector.startInternal(Connector.java:969)
	... 14 common frames omitted
[ INFO ] [2018-10-19 11:28:12] org.apache.coyote.http11.Http11NioProtocol [179] - Pausing ProtocolHandler ["http-nio-8080"]
[ INFO ] [2018-10-19 11:28:12] org.apache.catalina.core.StandardService [179] - Stopping service Tomcat
[ INFO ] [2018-10-19 11:28:12] org.apache.catalina.util.LifecycleBase [179] - The stop() method was called on component [StandardServer[-1]] after stop() had already been called. The second call will be ignored.
[ INFO ] [2018-10-19 11:28:12] org.apache.coyote.http11.Http11NioProtocol [179] - Stopping ProtocolHandler ["http-nio-8080"]
[ INFO ] [2018-10-19 11:28:12] org.apache.coyote.http11.Http11NioProtocol [179] - Destroying ProtocolHandler ["http-nio-8080"]
[ ERROR] [2018-10-19 11:28:12] org.springframework.boot.diagnostics.LoggingFailureAnalysisReporter [42] - 

***************************
APPLICATION FAILED TO START
***************************

Description:

The Tomcat connector configured to listen on port 8080 failed to start. The port may already be in use or the connector may be misconfigured.

Action:

Verify the connector's configuration, identify and stop any process that's listening on port 8080, or configure this application to listen on another port.

[ INFO ] [2018-10-19 16:36:18] com.loy.SingleApplicationMain [48] - Starting SingleApplicationMain on huang-System-Product-Name-Invalid-entry-length with PID 28498 (/home/huang/project/new/wc_platform_demo/demo-single/bin started by huang in /home/huang/project/new/wc_platform_demo/demo-single)
[ INFO ] [2018-10-19 16:36:18] com.loy.SingleApplicationMain [665] - The following profiles are active: prod
[ INFO ] [2018-10-19 16:36:24] org.apache.catalina.core.StandardService [179] - Starting service Tomcat
[ INFO ] [2018-10-19 16:36:24] org.apache.catalina.core.StandardEngine [179] - Starting Servlet Engine: Apache Tomcat/8.5.6
[ INFO ] [2018-10-19 16:36:25] org.apache.catalina.core.ContainerBase.[Tomcat].[localhost].[/] [179] - Initializing Spring embedded WebApplicationContext
[ INFO ] [2018-10-19 16:36:39] springfox.documentation.spring.web.plugins.DocumentationPluginsBootstrapper [120] - Context refreshed
[ INFO ] [2018-10-19 16:36:39] springfox.documentation.spring.web.plugins.DocumentationPluginsBootstrapper [123] - Found 1 custom documentation plugin(s)
[ INFO ] [2018-10-19 16:36:39] springfox.documentation.spring.web.scanners.ApiListingReferenceScanner [44] - Scanning for api listing references
[ INFO ] [2018-10-19 16:36:39] springfox.documentation.spring.web.readers.operation.CachingOperationNameGenerator [40] - Generating unique operation named: allUsingGET_1
[ INFO ] [2018-10-19 16:36:40] org.apache.coyote.http11.Http11NioProtocol [179] - Initializing ProtocolHandler ["http-nio-8080"]
[ INFO ] [2018-10-19 16:36:40] org.apache.coyote.http11.Http11NioProtocol [179] - Starting ProtocolHandler [http-nio-8080]
[ INFO ] [2018-10-19 16:36:40] org.apache.tomcat.util.net.NioSelectorPool [179] - Using a shared selector for servlet write/read
[ INFO ] [2018-10-19 16:36:40] com.loy.SingleApplicationMain [57] - Started SingleApplicationMain in 22.727 seconds (JVM running for 24.865)
[ INFO ] [2018-10-19 16:37:25] org.apache.catalina.core.ContainerBase.[Tomcat].[localhost].[/] [179] - Initializing Spring FrameworkServlet 'dispatcherServlet'
[ INFO ] [2018-10-19 16:37:25] com.loy.e.core.web.dispatch.DefaultDispatchServlet [489] - FrameworkServlet 'dispatcherServlet': initialization started
[ INFO ] [2018-10-19 16:37:25] com.loy.e.core.web.dispatch.DefaultDispatchServlet [508] - FrameworkServlet 'dispatcherServlet': initialization completed in 42 ms
[ INFO ] [2018-10-19 16:37:25] org.thymeleaf.TemplateEngine [825] - [THYMELEAF] INITIALIZING TEMPLATE ENGINE
[ INFO ] [2018-10-19 16:37:25] org.thymeleaf.templateresolver.AbstractTemplateResolver [99] - [THYMELEAF] INITIALIZING TEMPLATE RESOLVER: org.thymeleaf.spring4.templateresolver.SpringResourceTemplateResolver
[ INFO ] [2018-10-19 16:37:25] org.thymeleaf.templateresolver.AbstractTemplateResolver [110] - [THYMELEAF] TEMPLATE RESOLVER INITIALIZED OK
[ INFO ] [2018-10-19 16:37:25] org.thymeleaf.messageresolver.AbstractMessageResolver [72] - [THYMELEAF] INITIALIZING MESSAGE RESOLVER: org.thymeleaf.spring4.messageresolver.SpringMessageResolver
[ INFO ] [2018-10-19 16:37:25] org.thymeleaf.messageresolver.AbstractMessageResolver [78] - [THYMELEAF] MESSAGE RESOLVER INITIALIZED OK
[ INFO ] [2018-10-19 16:37:25] org.thymeleaf.TemplateEngine.CONFIG [123] - [THYMELEAF] TEMPLATE ENGINE CONFIGURATION:
[THYMELEAF] * Cache Factory implementation: org.thymeleaf.cache.StandardCacheManager
[THYMELEAF] * Template modes:
[THYMELEAF]     * XHTML
[THYMELEAF]     * VALIDXML
[THYMELEAF]     * HTML5
[THYMELEAF]     * XML
[THYMELEAF]     * VALIDXHTML
[THYMELEAF]     * LEGACYHTML5
[THYMELEAF] * Template resolvers (in order):
[THYMELEAF]     * org.thymeleaf.spring4.templateresolver.SpringResourceTemplateResolver
[THYMELEAF] * Message resolvers (in order):
[THYMELEAF]     * org.thymeleaf.spring4.messageresolver.SpringMessageResolver
[THYMELEAF] * Dialect [1 of 2]: org.thymeleaf.spring4.dialect.SpringStandardDialect
[THYMELEAF]     * Prefix: "th"
[THYMELEAF] * Dialect [2 of 2]: nz.net.ultraq.thymeleaf.LayoutDialect
[THYMELEAF]     * Prefix: "layout"
[THYMELEAF] TEMPLATE ENGINE CONFIGURED OK
[ INFO ] [2018-10-19 16:37:25] org.thymeleaf.TemplateEngine [838] - [THYMELEAF] TEMPLATE ENGINE INITIALIZED
[ INFO ] [2018-10-19 17:27:36] com.loy.SingleApplicationMain [48] - Starting SingleApplicationMain on huang-System-Product-Name-Invalid-entry-length with PID 29302 (/home/huang/project/new/wc_platform_demo/demo-single/bin started by huang in /home/huang/project/new/wc_platform_demo/demo-single)
[ INFO ] [2018-10-19 17:27:36] com.loy.SingleApplicationMain [665] - The following profiles are active: prod
[ INFO ] [2018-10-19 17:27:43] org.apache.catalina.core.StandardService [179] - Starting service Tomcat
[ INFO ] [2018-10-19 17:27:43] org.apache.catalina.core.StandardEngine [179] - Starting Servlet Engine: Apache Tomcat/8.5.6
[ INFO ] [2018-10-19 17:27:43] org.apache.catalina.core.ContainerBase.[Tomcat].[localhost].[/] [179] - Initializing Spring embedded WebApplicationContext
[ INFO ] [2018-10-19 17:28:04] springfox.documentation.spring.web.plugins.DocumentationPluginsBootstrapper [120] - Context refreshed
[ INFO ] [2018-10-19 17:28:04] springfox.documentation.spring.web.plugins.DocumentationPluginsBootstrapper [123] - Found 1 custom documentation plugin(s)
[ INFO ] [2018-10-19 17:28:04] springfox.documentation.spring.web.scanners.ApiListingReferenceScanner [44] - Scanning for api listing references
[ INFO ] [2018-10-19 17:28:04] springfox.documentation.spring.web.readers.operation.CachingOperationNameGenerator [40] - Generating unique operation named: allUsingGET_1
[ INFO ] [2018-10-19 17:28:04] org.apache.coyote.http11.Http11NioProtocol [179] - Initializing ProtocolHandler ["http-nio-8080"]
[ INFO ] [2018-10-19 17:28:04] org.apache.coyote.http11.Http11NioProtocol [179] - Starting ProtocolHandler [http-nio-8080]
[ ERROR] [2018-10-19 17:28:04] org.apache.coyote.http11.Http11NioProtocol [181] - Failed to start end point associated with ProtocolHandler [http-nio-8080]
java.net.BindException: 地址已在使用
	at sun.nio.ch.Net.bind0(Native Method)
	at sun.nio.ch.Net.bind(Net.java:433)
	at sun.nio.ch.Net.bind(Net.java:425)
	at sun.nio.ch.ServerSocketChannelImpl.bind(ServerSocketChannelImpl.java:223)
	at sun.nio.ch.ServerSocketAdaptor.bind(ServerSocketAdaptor.java:74)
	at org.apache.tomcat.util.net.NioEndpoint.bind(NioEndpoint.java:228)
	at org.apache.tomcat.util.net.AbstractEndpoint.start(AbstractEndpoint.java:874)
	at org.apache.coyote.AbstractProtocol.start(AbstractProtocol.java:590)
	at org.apache.catalina.connector.Connector.startInternal(Connector.java:969)
	at org.apache.catalina.util.LifecycleBase.start(LifecycleBase.java:150)
	at org.apache.catalina.core.StandardService.addConnector(StandardService.java:225)
	at org.springframework.boot.context.embedded.tomcat.TomcatEmbeddedServletContainer.addPreviouslyRemovedConnectors(TomcatEmbeddedServletContainer.java:233)
	at org.springframework.boot.context.embedded.tomcat.TomcatEmbeddedServletContainer.start(TomcatEmbeddedServletContainer.java:178)
	at org.springframework.boot.context.embedded.EmbeddedWebApplicationContext.startEmbeddedServletContainer(EmbeddedWebApplicationContext.java:297)
	at org.springframework.boot.context.embedded.EmbeddedWebApplicationContext.finishRefresh(EmbeddedWebApplicationContext.java:145)
	at org.springframework.context.support.AbstractApplicationContext.refresh(AbstractApplicationContext.java:545)
	at org.springframework.boot.context.embedded.EmbeddedWebApplicationContext.refresh(EmbeddedWebApplicationContext.java:122)
	at org.springframework.boot.SpringApplication.refresh(SpringApplication.java:761)
	at org.springframework.boot.SpringApplication.refreshContext(SpringApplication.java:371)
	at org.springframework.boot.SpringApplication.run(SpringApplication.java:315)
	at org.springframework.boot.SpringApplication.run(SpringApplication.java:1186)
	at org.springframework.boot.SpringApplication.run(SpringApplication.java:1175)
	at com.loy.SingleApplicationMain.main(SingleApplicationMain.java:59)
[ ERROR] [2018-10-19 17:28:04] org.apache.catalina.core.StandardService [181] - Failed to start connector [Connector[HTTP/1.1-8080]]
org.apache.catalina.LifecycleException: Failed to start component [Connector[HTTP/1.1-8080]]
	at org.apache.catalina.util.LifecycleBase.start(LifecycleBase.java:167)
	at org.apache.catalina.core.StandardService.addConnector(StandardService.java:225)
	at org.springframework.boot.context.embedded.tomcat.TomcatEmbeddedServletContainer.addPreviouslyRemovedConnectors(TomcatEmbeddedServletContainer.java:233)
	at org.springframework.boot.context.embedded.tomcat.TomcatEmbeddedServletContainer.start(TomcatEmbeddedServletContainer.java:178)
	at org.springframework.boot.context.embedded.EmbeddedWebApplicationContext.startEmbeddedServletContainer(EmbeddedWebApplicationContext.java:297)
	at org.springframework.boot.context.embedded.EmbeddedWebApplicationContext.finishRefresh(EmbeddedWebApplicationContext.java:145)
	at org.springframework.context.support.AbstractApplicationContext.refresh(AbstractApplicationContext.java:545)
	at org.springframework.boot.context.embedded.EmbeddedWebApplicationContext.refresh(EmbeddedWebApplicationContext.java:122)
	at org.springframework.boot.SpringApplication.refresh(SpringApplication.java:761)
	at org.springframework.boot.SpringApplication.refreshContext(SpringApplication.java:371)
	at org.springframework.boot.SpringApplication.run(SpringApplication.java:315)
	at org.springframework.boot.SpringApplication.run(SpringApplication.java:1186)
	at org.springframework.boot.SpringApplication.run(SpringApplication.java:1175)
	at com.loy.SingleApplicationMain.main(SingleApplicationMain.java:59)
Caused by: org.apache.catalina.LifecycleException: service.getName(): "Tomcat";  Protocol handler start failed
	at org.apache.catalina.connector.Connector.startInternal(Connector.java:976)
	at org.apache.catalina.util.LifecycleBase.start(LifecycleBase.java:150)
	... 13 common frames omitted
Caused by: java.net.BindException: 地址已在使用
	at sun.nio.ch.Net.bind0(Native Method)
	at sun.nio.ch.Net.bind(Net.java:433)
	at sun.nio.ch.Net.bind(Net.java:425)
	at sun.nio.ch.ServerSocketChannelImpl.bind(ServerSocketChannelImpl.java:223)
	at sun.nio.ch.ServerSocketAdaptor.bind(ServerSocketAdaptor.java:74)
	at org.apache.tomcat.util.net.NioEndpoint.bind(NioEndpoint.java:228)
	at org.apache.tomcat.util.net.AbstractEndpoint.start(AbstractEndpoint.java:874)
	at org.apache.coyote.AbstractProtocol.start(AbstractProtocol.java:590)
	at org.apache.catalina.connector.Connector.startInternal(Connector.java:969)
	... 14 common frames omitted
[ INFO ] [2018-10-19 17:28:04] org.apache.coyote.http11.Http11NioProtocol [179] - Pausing ProtocolHandler ["http-nio-8080"]
[ INFO ] [2018-10-19 17:28:04] org.apache.catalina.core.StandardService [179] - Stopping service Tomcat
[ INFO ] [2018-10-19 17:28:04] org.apache.catalina.util.LifecycleBase [179] - The stop() method was called on component [StandardServer[-1]] after stop() had already been called. The second call will be ignored.
[ INFO ] [2018-10-19 17:28:04] org.apache.coyote.http11.Http11NioProtocol [179] - Stopping ProtocolHandler ["http-nio-8080"]
[ INFO ] [2018-10-19 17:28:04] org.apache.coyote.http11.Http11NioProtocol [179] - Destroying ProtocolHandler ["http-nio-8080"]
[ ERROR] [2018-10-19 17:28:04] org.springframework.boot.diagnostics.LoggingFailureAnalysisReporter [42] - 

***************************
APPLICATION FAILED TO START
***************************

Description:

The Tomcat connector configured to listen on port 8080 failed to start. The port may already be in use or the connector may be misconfigured.

Action:

Verify the connector's configuration, identify and stop any process that's listening on port 8080, or configure this application to listen on another port.

[ INFO ] [2018-10-19 18:26:24] com.loy.SingleApplicationMain [48] - Starting SingleApplicationMain on huang-System-Product-Name-Invalid-entry-length with PID 30200 (/home/huang/project/new/wc_platform_demo/demo-single/bin started by huang in /home/huang/project/new/wc_platform_demo/demo-single)
[ INFO ] [2018-10-19 18:26:24] com.loy.SingleApplicationMain [665] - The following profiles are active: prod
[ INFO ] [2018-10-19 18:26:32] org.apache.catalina.core.StandardService [179] - Starting service Tomcat
[ INFO ] [2018-10-19 18:26:32] org.apache.catalina.core.StandardEngine [179] - Starting Servlet Engine: Apache Tomcat/8.5.6
[ INFO ] [2018-10-19 18:26:32] org.apache.catalina.core.ContainerBase.[Tomcat].[localhost].[/] [179] - Initializing Spring embedded WebApplicationContext
[ INFO ] [2018-10-19 18:26:50] springfox.documentation.spring.web.plugins.DocumentationPluginsBootstrapper [120] - Context refreshed
[ INFO ] [2018-10-19 18:26:50] springfox.documentation.spring.web.plugins.DocumentationPluginsBootstrapper [123] - Found 1 custom documentation plugin(s)
[ INFO ] [2018-10-19 18:26:50] springfox.documentation.spring.web.scanners.ApiListingReferenceScanner [44] - Scanning for api listing references
[ INFO ] [2018-10-19 18:26:50] springfox.documentation.spring.web.readers.operation.CachingOperationNameGenerator [40] - Generating unique operation named: allUsingGET_1
[ INFO ] [2018-10-19 18:26:50] org.apache.coyote.http11.Http11NioProtocol [179] - Initializing ProtocolHandler ["http-nio-8080"]
[ INFO ] [2018-10-19 18:26:50] org.apache.coyote.http11.Http11NioProtocol [179] - Starting ProtocolHandler [http-nio-8080]
[ ERROR] [2018-10-19 18:26:50] org.apache.coyote.http11.Http11NioProtocol [181] - Failed to start end point associated with ProtocolHandler [http-nio-8080]
java.net.BindException: 地址已在使用
	at sun.nio.ch.Net.bind0(Native Method)
	at sun.nio.ch.Net.bind(Net.java:433)
	at sun.nio.ch.Net.bind(Net.java:425)
	at sun.nio.ch.ServerSocketChannelImpl.bind(ServerSocketChannelImpl.java:223)
	at sun.nio.ch.ServerSocketAdaptor.bind(ServerSocketAdaptor.java:74)
	at org.apache.tomcat.util.net.NioEndpoint.bind(NioEndpoint.java:228)
	at org.apache.tomcat.util.net.AbstractEndpoint.start(AbstractEndpoint.java:874)
	at org.apache.coyote.AbstractProtocol.start(AbstractProtocol.java:590)
	at org.apache.catalina.connector.Connector.startInternal(Connector.java:969)
	at org.apache.catalina.util.LifecycleBase.start(LifecycleBase.java:150)
	at org.apache.catalina.core.StandardService.addConnector(StandardService.java:225)
	at org.springframework.boot.context.embedded.tomcat.TomcatEmbeddedServletContainer.addPreviouslyRemovedConnectors(TomcatEmbeddedServletContainer.java:233)
	at org.springframework.boot.context.embedded.tomcat.TomcatEmbeddedServletContainer.start(TomcatEmbeddedServletContainer.java:178)
	at org.springframework.boot.context.embedded.EmbeddedWebApplicationContext.startEmbeddedServletContainer(EmbeddedWebApplicationContext.java:297)
	at org.springframework.boot.context.embedded.EmbeddedWebApplicationContext.finishRefresh(EmbeddedWebApplicationContext.java:145)
	at org.springframework.context.support.AbstractApplicationContext.refresh(AbstractApplicationContext.java:545)
	at org.springframework.boot.context.embedded.EmbeddedWebApplicationContext.refresh(EmbeddedWebApplicationContext.java:122)
	at org.springframework.boot.SpringApplication.refresh(SpringApplication.java:761)
	at org.springframework.boot.SpringApplication.refreshContext(SpringApplication.java:371)
	at org.springframework.boot.SpringApplication.run(SpringApplication.java:315)
	at org.springframework.boot.SpringApplication.run(SpringApplication.java:1186)
	at org.springframework.boot.SpringApplication.run(SpringApplication.java:1175)
	at com.loy.SingleApplicationMain.main(SingleApplicationMain.java:59)
[ ERROR] [2018-10-19 18:26:50] org.apache.catalina.core.StandardService [181] - Failed to start connector [Connector[HTTP/1.1-8080]]
org.apache.catalina.LifecycleException: Failed to start component [Connector[HTTP/1.1-8080]]
	at org.apache.catalina.util.LifecycleBase.start(LifecycleBase.java:167)
	at org.apache.catalina.core.StandardService.addConnector(StandardService.java:225)
	at org.springframework.boot.context.embedded.tomcat.TomcatEmbeddedServletContainer.addPreviouslyRemovedConnectors(TomcatEmbeddedServletContainer.java:233)
	at org.springframework.boot.context.embedded.tomcat.TomcatEmbeddedServletContainer.start(TomcatEmbeddedServletContainer.java:178)
	at org.springframework.boot.context.embedded.EmbeddedWebApplicationContext.startEmbeddedServletContainer(EmbeddedWebApplicationContext.java:297)
	at org.springframework.boot.context.embedded.EmbeddedWebApplicationContext.finishRefresh(EmbeddedWebApplicationContext.java:145)
	at org.springframework.context.support.AbstractApplicationContext.refresh(AbstractApplicationContext.java:545)
	at org.springframework.boot.context.embedded.EmbeddedWebApplicationContext.refresh(EmbeddedWebApplicationContext.java:122)
	at org.springframework.boot.SpringApplication.refresh(SpringApplication.java:761)
	at org.springframework.boot.SpringApplication.refreshContext(SpringApplication.java:371)
	at org.springframework.boot.SpringApplication.run(SpringApplication.java:315)
	at org.springframework.boot.SpringApplication.run(SpringApplication.java:1186)
	at org.springframework.boot.SpringApplication.run(SpringApplication.java:1175)
	at com.loy.SingleApplicationMain.main(SingleApplicationMain.java:59)
Caused by: org.apache.catalina.LifecycleException: service.getName(): "Tomcat";  Protocol handler start failed
	at org.apache.catalina.connector.Connector.startInternal(Connector.java:976)
	at org.apache.catalina.util.LifecycleBase.start(LifecycleBase.java:150)
	... 13 common frames omitted
Caused by: java.net.BindException: 地址已在使用
	at sun.nio.ch.Net.bind0(Native Method)
	at sun.nio.ch.Net.bind(Net.java:433)
	at sun.nio.ch.Net.bind(Net.java:425)
	at sun.nio.ch.ServerSocketChannelImpl.bind(ServerSocketChannelImpl.java:223)
	at sun.nio.ch.ServerSocketAdaptor.bind(ServerSocketAdaptor.java:74)
	at org.apache.tomcat.util.net.NioEndpoint.bind(NioEndpoint.java:228)
	at org.apache.tomcat.util.net.AbstractEndpoint.start(AbstractEndpoint.java:874)
	at org.apache.coyote.AbstractProtocol.start(AbstractProtocol.java:590)
	at org.apache.catalina.connector.Connector.startInternal(Connector.java:969)
	... 14 common frames omitted
[ INFO ] [2018-10-19 18:26:50] org.apache.coyote.http11.Http11NioProtocol [179] - Pausing ProtocolHandler ["http-nio-8080"]
[ INFO ] [2018-10-19 18:26:50] org.apache.catalina.core.StandardService [179] - Stopping service Tomcat
[ INFO ] [2018-10-19 18:26:50] org.apache.catalina.util.LifecycleBase [179] - The stop() method was called on component [StandardServer[-1]] after stop() had already been called. The second call will be ignored.
[ INFO ] [2018-10-19 18:26:50] org.apache.coyote.http11.Http11NioProtocol [179] - Stopping ProtocolHandler ["http-nio-8080"]
[ INFO ] [2018-10-19 18:26:50] org.apache.coyote.http11.Http11NioProtocol [179] - Destroying ProtocolHandler ["http-nio-8080"]
[ ERROR] [2018-10-19 18:26:50] org.springframework.boot.diagnostics.LoggingFailureAnalysisReporter [42] - 

***************************
APPLICATION FAILED TO START
***************************

Description:

The Tomcat connector configured to listen on port 8080 failed to start. The port may already be in use or the connector may be misconfigured.

Action:

Verify the connector's configuration, identify and stop any process that's listening on port 8080, or configure this application to listen on another port.

[ INFO ] [2018-10-19 18:28:14] com.loy.SingleApplicationMain [48] - Starting SingleApplicationMain on huang-System-Product-Name-Invalid-entry-length with PID 30264 (/home/huang/project/new/wc_platform_demo/demo-single/bin started by huang in /home/huang/project/new/wc_platform_demo/demo-single)
[ INFO ] [2018-10-19 18:28:14] com.loy.SingleApplicationMain [665] - The following profiles are active: prod
[ INFO ] [2018-10-19 18:28:20] org.apache.catalina.core.StandardService [179] - Starting service Tomcat
[ INFO ] [2018-10-19 18:28:20] org.apache.catalina.core.StandardEngine [179] - Starting Servlet Engine: Apache Tomcat/8.5.6
[ INFO ] [2018-10-19 18:28:20] org.apache.catalina.core.ContainerBase.[Tomcat].[localhost].[/] [179] - Initializing Spring embedded WebApplicationContext
[ INFO ] [2018-10-19 18:28:35] springfox.documentation.spring.web.plugins.DocumentationPluginsBootstrapper [120] - Context refreshed
[ INFO ] [2018-10-19 18:28:35] springfox.documentation.spring.web.plugins.DocumentationPluginsBootstrapper [123] - Found 1 custom documentation plugin(s)
[ INFO ] [2018-10-19 18:28:35] springfox.documentation.spring.web.scanners.ApiListingReferenceScanner [44] - Scanning for api listing references
[ INFO ] [2018-10-19 18:28:35] springfox.documentation.spring.web.readers.operation.CachingOperationNameGenerator [40] - Generating unique operation named: allUsingGET_1
[ INFO ] [2018-10-19 18:28:35] org.apache.coyote.http11.Http11NioProtocol [179] - Initializing ProtocolHandler ["http-nio-8080"]
[ INFO ] [2018-10-19 18:28:35] org.apache.coyote.http11.Http11NioProtocol [179] - Starting ProtocolHandler [http-nio-8080]
[ ERROR] [2018-10-19 18:28:35] org.apache.coyote.http11.Http11NioProtocol [181] - Failed to start end point associated with ProtocolHandler [http-nio-8080]
java.net.BindException: 地址已在使用
	at sun.nio.ch.Net.bind0(Native Method)
	at sun.nio.ch.Net.bind(Net.java:433)
	at sun.nio.ch.Net.bind(Net.java:425)
	at sun.nio.ch.ServerSocketChannelImpl.bind(ServerSocketChannelImpl.java:223)
	at sun.nio.ch.ServerSocketAdaptor.bind(ServerSocketAdaptor.java:74)
	at org.apache.tomcat.util.net.NioEndpoint.bind(NioEndpoint.java:228)
	at org.apache.tomcat.util.net.AbstractEndpoint.start(AbstractEndpoint.java:874)
	at org.apache.coyote.AbstractProtocol.start(AbstractProtocol.java:590)
	at org.apache.catalina.connector.Connector.startInternal(Connector.java:969)
	at org.apache.catalina.util.LifecycleBase.start(LifecycleBase.java:150)
	at org.apache.catalina.core.StandardService.addConnector(StandardService.java:225)
	at org.springframework.boot.context.embedded.tomcat.TomcatEmbeddedServletContainer.addPreviouslyRemovedConnectors(TomcatEmbeddedServletContainer.java:233)
	at org.springframework.boot.context.embedded.tomcat.TomcatEmbeddedServletContainer.start(TomcatEmbeddedServletContainer.java:178)
	at org.springframework.boot.context.embedded.EmbeddedWebApplicationContext.startEmbeddedServletContainer(EmbeddedWebApplicationContext.java:297)
	at org.springframework.boot.context.embedded.EmbeddedWebApplicationContext.finishRefresh(EmbeddedWebApplicationContext.java:145)
	at org.springframework.context.support.AbstractApplicationContext.refresh(AbstractApplicationContext.java:545)
	at org.springframework.boot.context.embedded.EmbeddedWebApplicationContext.refresh(EmbeddedWebApplicationContext.java:122)
	at org.springframework.boot.SpringApplication.refresh(SpringApplication.java:761)
	at org.springframework.boot.SpringApplication.refreshContext(SpringApplication.java:371)
	at org.springframework.boot.SpringApplication.run(SpringApplication.java:315)
	at org.springframework.boot.SpringApplication.run(SpringApplication.java:1186)
	at org.springframework.boot.SpringApplication.run(SpringApplication.java:1175)
	at com.loy.SingleApplicationMain.main(SingleApplicationMain.java:59)
[ ERROR] [2018-10-19 18:28:35] org.apache.catalina.core.StandardService [181] - Failed to start connector [Connector[HTTP/1.1-8080]]
org.apache.catalina.LifecycleException: Failed to start component [Connector[HTTP/1.1-8080]]
	at org.apache.catalina.util.LifecycleBase.start(LifecycleBase.java:167)
	at org.apache.catalina.core.StandardService.addConnector(StandardService.java:225)
	at org.springframework.boot.context.embedded.tomcat.TomcatEmbeddedServletContainer.addPreviouslyRemovedConnectors(TomcatEmbeddedServletContainer.java:233)
	at org.springframework.boot.context.embedded.tomcat.TomcatEmbeddedServletContainer.start(TomcatEmbeddedServletContainer.java:178)
	at org.springframework.boot.context.embedded.EmbeddedWebApplicationContext.startEmbeddedServletContainer(EmbeddedWebApplicationContext.java:297)
	at org.springframework.boot.context.embedded.EmbeddedWebApplicationContext.finishRefresh(EmbeddedWebApplicationContext.java:145)
	at org.springframework.context.support.AbstractApplicationContext.refresh(AbstractApplicationContext.java:545)
	at org.springframework.boot.context.embedded.EmbeddedWebApplicationContext.refresh(EmbeddedWebApplicationContext.java:122)
	at org.springframework.boot.SpringApplication.refresh(SpringApplication.java:761)
	at org.springframework.boot.SpringApplication.refreshContext(SpringApplication.java:371)
	at org.springframework.boot.SpringApplication.run(SpringApplication.java:315)
	at org.springframework.boot.SpringApplication.run(SpringApplication.java:1186)
	at org.springframework.boot.SpringApplication.run(SpringApplication.java:1175)
	at com.loy.SingleApplicationMain.main(SingleApplicationMain.java:59)
Caused by: org.apache.catalina.LifecycleException: service.getName(): "Tomcat";  Protocol handler start failed
	at org.apache.catalina.connector.Connector.startInternal(Connector.java:976)
	at org.apache.catalina.util.LifecycleBase.start(LifecycleBase.java:150)
	... 13 common frames omitted
Caused by: java.net.BindException: 地址已在使用
	at sun.nio.ch.Net.bind0(Native Method)
	at sun.nio.ch.Net.bind(Net.java:433)
	at sun.nio.ch.Net.bind(Net.java:425)
	at sun.nio.ch.ServerSocketChannelImpl.bind(ServerSocketChannelImpl.java:223)
	at sun.nio.ch.ServerSocketAdaptor.bind(ServerSocketAdaptor.java:74)
	at org.apache.tomcat.util.net.NioEndpoint.bind(NioEndpoint.java:228)
	at org.apache.tomcat.util.net.AbstractEndpoint.start(AbstractEndpoint.java:874)
	at org.apache.coyote.AbstractProtocol.start(AbstractProtocol.java:590)
	at org.apache.catalina.connector.Connector.startInternal(Connector.java:969)
	... 14 common frames omitted
[ INFO ] [2018-10-19 18:28:35] org.apache.coyote.http11.Http11NioProtocol [179] - Pausing ProtocolHandler ["http-nio-8080"]
[ INFO ] [2018-10-19 18:28:35] org.apache.catalina.core.StandardService [179] - Stopping service Tomcat
[ INFO ] [2018-10-19 18:28:35] org.apache.catalina.util.LifecycleBase [179] - The stop() method was called on component [StandardServer[-1]] after stop() had already been called. The second call will be ignored.
[ INFO ] [2018-10-19 18:28:35] org.apache.coyote.http11.Http11NioProtocol [179] - Stopping ProtocolHandler ["http-nio-8080"]
[ INFO ] [2018-10-19 18:28:35] org.apache.coyote.http11.Http11NioProtocol [179] - Destroying ProtocolHandler ["http-nio-8080"]
[ ERROR] [2018-10-19 18:28:35] org.springframework.boot.diagnostics.LoggingFailureAnalysisReporter [42] - 

***************************
APPLICATION FAILED TO START
***************************

Description:

The Tomcat connector configured to listen on port 8080 failed to start. The port may already be in use or the connector may be misconfigured.

Action:

Verify the connector's configuration, identify and stop any process that's listening on port 8080, or configure this application to listen on another port.

[ INFO ] [2018-10-19 18:37:32] com.loy.SingleApplicationMain [48] - Starting SingleApplicationMain on huang-System-Product-Name-Invalid-entry-length with PID 30591 (/home/huang/project/new/wc_platform_demo/demo-single/bin started by huang in /home/huang/project/new/wc_platform_demo/demo-single)
[ INFO ] [2018-10-19 18:37:32] com.loy.SingleApplicationMain [665] - The following profiles are active: prod
[ INFO ] [2018-10-19 18:37:42] org.apache.catalina.core.StandardService [179] - Starting service Tomcat
[ INFO ] [2018-10-19 18:37:42] org.apache.catalina.core.StandardEngine [179] - Starting Servlet Engine: Apache Tomcat/8.5.6
[ INFO ] [2018-10-19 18:37:42] org.apache.catalina.core.ContainerBase.[Tomcat].[localhost].[/] [179] - Initializing Spring embedded WebApplicationContext
[ INFO ] [2018-10-19 18:38:03] springfox.documentation.spring.web.plugins.DocumentationPluginsBootstrapper [120] - Context refreshed
[ INFO ] [2018-10-19 18:38:03] springfox.documentation.spring.web.plugins.DocumentationPluginsBootstrapper [123] - Found 1 custom documentation plugin(s)
[ INFO ] [2018-10-19 18:38:04] springfox.documentation.spring.web.scanners.ApiListingReferenceScanner [44] - Scanning for api listing references
[ INFO ] [2018-10-19 18:38:04] springfox.documentation.spring.web.readers.operation.CachingOperationNameGenerator [40] - Generating unique operation named: allUsingGET_1
[ INFO ] [2018-10-19 18:38:04] org.apache.coyote.http11.Http11NioProtocol [179] - Initializing ProtocolHandler ["http-nio-8080"]
[ INFO ] [2018-10-19 18:38:04] org.apache.coyote.http11.Http11NioProtocol [179] - Starting ProtocolHandler [http-nio-8080]
[ INFO ] [2018-10-19 18:38:04] org.apache.tomcat.util.net.NioSelectorPool [179] - Using a shared selector for servlet write/read
[ INFO ] [2018-10-19 18:38:04] com.loy.SingleApplicationMain [57] - Started SingleApplicationMain in 33.17 seconds (JVM running for 36.001)
[ INFO ] [2018-10-19 18:38:22] org.apache.catalina.core.ContainerBase.[Tomcat].[localhost].[/] [179] - Initializing Spring FrameworkServlet 'dispatcherServlet'
[ INFO ] [2018-10-19 18:38:22] com.loy.e.core.web.dispatch.DefaultDispatchServlet [489] - FrameworkServlet 'dispatcherServlet': initialization started
[ INFO ] [2018-10-19 18:38:22] com.loy.e.core.web.dispatch.DefaultDispatchServlet [508] - FrameworkServlet 'dispatcherServlet': initialization completed in 69 ms
[ INFO ] [2018-10-19 18:38:22] org.thymeleaf.TemplateEngine [825] - [THYMELEAF] INITIALIZING TEMPLATE ENGINE
[ INFO ] [2018-10-19 18:38:22] org.thymeleaf.templateresolver.AbstractTemplateResolver [99] - [THYMELEAF] INITIALIZING TEMPLATE RESOLVER: org.thymeleaf.spring4.templateresolver.SpringResourceTemplateResolver
[ INFO ] [2018-10-19 18:38:22] org.thymeleaf.templateresolver.AbstractTemplateResolver [110] - [THYMELEAF] TEMPLATE RESOLVER INITIALIZED OK
[ INFO ] [2018-10-19 18:38:22] org.thymeleaf.messageresolver.AbstractMessageResolver [72] - [THYMELEAF] INITIALIZING MESSAGE RESOLVER: org.thymeleaf.spring4.messageresolver.SpringMessageResolver
[ INFO ] [2018-10-19 18:38:22] org.thymeleaf.messageresolver.AbstractMessageResolver [78] - [THYMELEAF] MESSAGE RESOLVER INITIALIZED OK
[ INFO ] [2018-10-19 18:38:22] org.thymeleaf.TemplateEngine.CONFIG [123] - [THYMELEAF] TEMPLATE ENGINE CONFIGURATION:
[THYMELEAF] * Cache Factory implementation: org.thymeleaf.cache.StandardCacheManager
[THYMELEAF] * Template modes:
[THYMELEAF]     * XHTML
[THYMELEAF]     * VALIDXML
[THYMELEAF]     * HTML5
[THYMELEAF]     * XML
[THYMELEAF]     * VALIDXHTML
[THYMELEAF]     * LEGACYHTML5
[THYMELEAF] * Template resolvers (in order):
[THYMELEAF]     * org.thymeleaf.spring4.templateresolver.SpringResourceTemplateResolver
[THYMELEAF] * Message resolvers (in order):
[THYMELEAF]     * org.thymeleaf.spring4.messageresolver.SpringMessageResolver
[THYMELEAF] * Dialect [1 of 2]: org.thymeleaf.spring4.dialect.SpringStandardDialect
[THYMELEAF]     * Prefix: "th"
[THYMELEAF] * Dialect [2 of 2]: nz.net.ultraq.thymeleaf.LayoutDialect
[THYMELEAF]     * Prefix: "layout"
[THYMELEAF] TEMPLATE ENGINE CONFIGURED OK
[ INFO ] [2018-10-19 18:38:22] org.thymeleaf.TemplateEngine [838] - [THYMELEAF] TEMPLATE ENGINE INITIALIZED
[ INFO ] [2018-10-19 18:41:42] com.loy.SingleApplicationMain [48] - Starting SingleApplicationMain on huang-System-Product-Name-Invalid-entry-length with PID 30741 (/home/huang/project/new/wc_platform_demo/demo-single/bin started by huang in /home/huang/project/new/wc_platform_demo/demo-single)
[ INFO ] [2018-10-19 18:41:42] com.loy.SingleApplicationMain [665] - The following profiles are active: prod
[ INFO ] [2018-10-19 18:41:49] org.apache.catalina.core.StandardService [179] - Starting service Tomcat
[ INFO ] [2018-10-19 18:41:49] org.apache.catalina.core.StandardEngine [179] - Starting Servlet Engine: Apache Tomcat/8.5.6
[ INFO ] [2018-10-19 18:41:49] org.apache.catalina.core.ContainerBase.[Tomcat].[localhost].[/] [179] - Initializing Spring embedded WebApplicationContext
[ INFO ] [2018-10-19 18:42:11] springfox.documentation.spring.web.plugins.DocumentationPluginsBootstrapper [120] - Context refreshed
[ INFO ] [2018-10-19 18:42:11] springfox.documentation.spring.web.plugins.DocumentationPluginsBootstrapper [123] - Found 1 custom documentation plugin(s)
[ INFO ] [2018-10-19 18:42:11] springfox.documentation.spring.web.scanners.ApiListingReferenceScanner [44] - Scanning for api listing references
[ INFO ] [2018-10-19 18:42:11] springfox.documentation.spring.web.readers.operation.CachingOperationNameGenerator [40] - Generating unique operation named: allUsingGET_1
[ INFO ] [2018-10-19 18:42:11] org.apache.coyote.http11.Http11NioProtocol [179] - Initializing ProtocolHandler ["http-nio-8080"]
[ INFO ] [2018-10-19 18:42:11] org.apache.coyote.http11.Http11NioProtocol [179] - Starting ProtocolHandler [http-nio-8080]
[ INFO ] [2018-10-19 18:42:11] org.apache.tomcat.util.net.NioSelectorPool [179] - Using a shared selector for servlet write/read
[ INFO ] [2018-10-19 18:42:11] com.loy.SingleApplicationMain [57] - Started SingleApplicationMain in 29.836 seconds (JVM running for 32.134)
[ INFO ] [2018-10-19 18:42:15] org.apache.catalina.core.ContainerBase.[Tomcat].[localhost].[/] [179] - Initializing Spring FrameworkServlet 'dispatcherServlet'
[ INFO ] [2018-10-19 18:42:15] com.loy.e.core.web.dispatch.DefaultDispatchServlet [489] - FrameworkServlet 'dispatcherServlet': initialization started
[ INFO ] [2018-10-19 18:42:15] com.loy.e.core.web.dispatch.DefaultDispatchServlet [508] - FrameworkServlet 'dispatcherServlet': initialization completed in 64 ms
[ INFO ] [2018-10-19 18:42:15] org.thymeleaf.TemplateEngine [825] - [THYMELEAF] INITIALIZING TEMPLATE ENGINE
[ INFO ] [2018-10-19 18:42:15] org.thymeleaf.templateresolver.AbstractTemplateResolver [99] - [THYMELEAF] INITIALIZING TEMPLATE RESOLVER: org.thymeleaf.spring4.templateresolver.SpringResourceTemplateResolver
[ INFO ] [2018-10-19 18:42:15] org.thymeleaf.templateresolver.AbstractTemplateResolver [110] - [THYMELEAF] TEMPLATE RESOLVER INITIALIZED OK
[ INFO ] [2018-10-19 18:42:15] org.thymeleaf.messageresolver.AbstractMessageResolver [72] - [THYMELEAF] INITIALIZING MESSAGE RESOLVER: org.thymeleaf.spring4.messageresolver.SpringMessageResolver
[ INFO ] [2018-10-19 18:42:15] org.thymeleaf.messageresolver.AbstractMessageResolver [78] - [THYMELEAF] MESSAGE RESOLVER INITIALIZED OK
[ INFO ] [2018-10-19 18:42:15] org.thymeleaf.TemplateEngine.CONFIG [123] - [THYMELEAF] TEMPLATE ENGINE CONFIGURATION:
[THYMELEAF] * Cache Factory implementation: org.thymeleaf.cache.StandardCacheManager
[THYMELEAF] * Template modes:
[THYMELEAF]     * HTML5
[THYMELEAF]     * VALIDXML
[THYMELEAF]     * XML
[THYMELEAF]     * VALIDXHTML
[THYMELEAF]     * XHTML
[THYMELEAF]     * LEGACYHTML5
[THYMELEAF] * Template resolvers (in order):
[THYMELEAF]     * org.thymeleaf.spring4.templateresolver.SpringResourceTemplateResolver
[THYMELEAF] * Message resolvers (in order):
[THYMELEAF]     * org.thymeleaf.spring4.messageresolver.SpringMessageResolver
[THYMELEAF] * Dialect [1 of 2]: org.thymeleaf.spring4.dialect.SpringStandardDialect
[THYMELEAF]     * Prefix: "th"
[THYMELEAF] * Dialect [2 of 2]: nz.net.ultraq.thymeleaf.LayoutDialect
[THYMELEAF]     * Prefix: "layout"
[THYMELEAF] TEMPLATE ENGINE CONFIGURED OK
[ INFO ] [2018-10-19 18:42:15] org.thymeleaf.TemplateEngine [838] - [THYMELEAF] TEMPLATE ENGINE INITIALIZED
