[ INFO ] [2018-03-05 12:06:24] com.loy.SingleApplicationMain [48] - Starting SingleApplicationMain on RM5HFL0LNTIJY7F with PID 4448 (started by Administrator in E:\小猫洗车\03编码\wc_platform_demo\demo-single)
[ INFO ] [2018-03-05 12:06:24] com.loy.SingleApplicationMain [665] - The following profiles are active: prod
[ INFO ] [2018-03-05 12:06:27] org.apache.catalina.core.StandardService [179] - Starting service Tomcat
[ INFO ] [2018-03-05 12:06:27] org.apache.catalina.core.StandardEngine [179] - Starting Servlet Engine: Apache Tomcat/8.5.6
[ INFO ] [2018-03-05 12:06:27] org.apache.catalina.core.ContainerBase.[Tomcat].[localhost].[/] [179] - Initializing Spring embedded WebApplicationContext
[ INFO ] [2018-03-05 12:06:36] springfox.documentation.spring.web.plugins.DocumentationPluginsBootstrapper [120] - Context refreshed
[ INFO ] [2018-03-05 12:06:36] springfox.documentation.spring.web.plugins.DocumentationPluginsBootstrapper [123] - Found 1 custom documentation plugin(s)
[ INFO ] [2018-03-05 12:06:36] springfox.documentation.spring.web.scanners.ApiListingReferenceScanner [44] - Scanning for api listing references
[ INFO ] [2018-03-05 12:06:36] springfox.documentation.spring.web.readers.operation.CachingOperationNameGenerator [40] - Generating unique operation named: allUsingGET_1
[ INFO ] [2018-03-05 12:06:36] org.apache.coyote.http11.Http11NioProtocol [179] - Initializing ProtocolHandler ["http-nio-8080"]
[ INFO ] [2018-03-05 12:06:36] org.apache.coyote.http11.Http11NioProtocol [179] - Starting ProtocolHandler [http-nio-8080]
[ INFO ] [2018-03-05 12:06:36] org.apache.tomcat.util.net.NioSelectorPool [179] - Using a shared selector for servlet write/read
[ INFO ] [2018-03-05 12:06:36] com.loy.SingleApplicationMain [57] - Started SingleApplicationMain in 12.824 seconds (JVM running for 13.85)
[ INFO ] [2018-03-05 12:06:48] org.apache.catalina.core.ContainerBase.[Tomcat].[localhost].[/] [179] - Initializing Spring FrameworkServlet 'dispatcherServlet'
[ INFO ] [2018-03-05 12:06:48] com.loy.e.core.web.dispatch.DefaultDispatchServlet [489] - FrameworkServlet 'dispatcherServlet': initialization started
[ INFO ] [2018-03-05 12:06:48] com.loy.e.core.web.dispatch.DefaultDispatchServlet [508] - FrameworkServlet 'dispatcherServlet': initialization completed in 40 ms
[ INFO ] [2018-03-05 12:06:48] org.thymeleaf.TemplateEngine [825] - [THYMELEAF] INITIALIZING TEMPLATE ENGINE
[ INFO ] [2018-03-05 12:06:48] org.thymeleaf.templateresolver.AbstractTemplateResolver [99] - [THYMELEAF] INITIALIZING TEMPLATE RESOLVER: org.thymeleaf.spring4.templateresolver.SpringResourceTemplateResolver
[ INFO ] [2018-03-05 12:06:48] org.thymeleaf.templateresolver.AbstractTemplateResolver [110] - [THYMELEAF] TEMPLATE RESOLVER INITIALIZED OK
[ INFO ] [2018-03-05 12:06:48] org.thymeleaf.messageresolver.AbstractMessageResolver [72] - [THYMELEAF] INITIALIZING MESSAGE RESOLVER: org.thymeleaf.spring4.messageresolver.SpringMessageResolver
[ INFO ] [2018-03-05 12:06:48] org.thymeleaf.messageresolver.AbstractMessageResolver [78] - [THYMELEAF] MESSAGE RESOLVER INITIALIZED OK
[ INFO ] [2018-03-05 12:06:48] org.thymeleaf.TemplateEngine.CONFIG [123] - [THYMELEAF] TEMPLATE ENGINE CONFIGURATION:
[THYMELEAF] * Cache Factory implementation: org.thymeleaf.cache.StandardCacheManager
[THYMELEAF] * Template modes:
[THYMELEAF]     * LEGACYHTML5
[THYMELEAF]     * VALIDXHTML
[THYMELEAF]     * HTML5
[THYMELEAF]     * XML
[THYMELEAF]     * VALIDXML
[THYMELEAF]     * XHTML
[THYMELEAF] * Template resolvers (in order):
[THYMELEAF]     * org.thymeleaf.spring4.templateresolver.SpringResourceTemplateResolver
[THYMELEAF] * Message resolvers (in order):
[THYMELEAF]     * org.thymeleaf.spring4.messageresolver.SpringMessageResolver
[THYMELEAF] * Dialect [1 of 2]: org.thymeleaf.spring4.dialect.SpringStandardDialect
[THYMELEAF]     * Prefix: "th"
[THYMELEAF] * Dialect [2 of 2]: nz.net.ultraq.thymeleaf.LayoutDialect
[THYMELEAF]     * Prefix: "layout"
[THYMELEAF] TEMPLATE ENGINE CONFIGURED OK
[ INFO ] [2018-03-05 12:06:48] org.thymeleaf.TemplateEngine [838] - [THYMELEAF] TEMPLATE ENGINE INITIALIZED
